<?xml version="1.0" encoding="UTF-8"?>
<coverage generated="1662078738513" clover="3.2.0">
  <project timestamp="1662078738513" name="All files">
    <metrics statements="27" coveredstatements="21" conditionals="10" coveredconditionals="2" methods="19" coveredmethods="13" elements="56" coveredelements="36" complexity="0" loc="27" ncloc="27" packages="5" files="6" classes="6"/>
    <package name="another-test">
      <metrics statements="4" coveredstatements="3" conditionals="2" coveredconditionals="0" methods="3" coveredmethods="2"/>
      <file name="words.js" path="/Users/adrian/Documents/Coding/aasdf">
        <metrics statements="4" coveredstatements="3" conditionals="2" coveredconditionals="0" methods="3" coveredmethods="2"/>
        <line num="2" count="1" type="stmt"/>
        <line num="6" count="1" type="stmt"/>
        <line num="10" count="0" type="cond" truecount="0" falsecount="2"/>
        <line num="13" count="1" type="stmt"/>
      </file>
    </package>
  </project>
</coverage>
