TN:
SF:words.js
FN:1,returnPlus3
FN:5,reverse
FN:9,hello
FNF:3
FNH:2
FNDA:1,returnPlus3
FNDA:1,reverse
FNDA:0,hello
DA:2,1
DA:6,1
DA:10,0
DA:13,1
LF:4
LH:3
BRDA:10,0,0,0
BRDA:10,0,1,0
BRF:2
BRH:0
end_of_record
TN:
SF:flag1/mafs.js
FN:1,add
FN:5,subtract
FN:9,multiply
FN:13,divide
FNF:4
FNH:1
FNDA:1,add
FNDA:0,subtract
FNDA:0,multiply
FNDA:0,divide
DA:2,1
DA:6,0
DA:10,0
DA:14,0
DA:15,0
DA:17,0
DA:21,1
LF:7
LH:2
BRDA:14,0,0,0
BRDA:14,0,1,0
BRF:2
BRH:0
end_of_record
TN:
SF:flag2/words.js
FN:1,returnPlus3
FN:5,reverse
FN:9,hello
FNF:3
FNH:2
FNDA:1,returnPlus3
FNDA:1,reverse
FNDA:0,hello
DA:2,1
DA:6,1
DA:10,0
DA:13,1
LF:4
LH:3
BRDA:10,0,0,0
BRDA:10,0,1,0
BRF:2
BRH:0
end_of_record
TN:
SF:folder/words.js
FN:1,returnPlus3
FN:5,reverse
FN:9,hello
FNF:3
FNH:2
FNDA:1,returnPlus3
FNDA:1,reverse
FNDA:0,hello
DA:2,1
DA:6,1
DA:10,0
DA:13,1
LF:4
LH:3
BRDA:10,0,0,0
BRDA:10,0,1,0
BRF:2
BRH:0
end_of_record
TN:
SF:folder/subfolder/mafs.js
FN:1,add
FN:5,subtract
FN:9,multiply
FN:13,divide
FNF:4
FNH:3
FNDA:1,add
FNDA:1,subtract
FNDA:1,multiply
FNDA:0,divide
DA:2,1
DA:6,1
DA:10,1
DA:14,0
DA:15,0
DA:17,0
DA:21,1
LF:7
LH:4
BRDA:14,0,0,0
BRDA:14,0,1,0
BRF:2
BRH:0
end_of_record
TN:
SF:folder/subfolder/words.js
FN:1,returnPlus3
FN:5,reverse
FN:9,hello
FNF:3
FNH:2
FNDA:1,returnPlus3
FNDA:1,reverse
FNDA:0,hello
DA:2,1
DA:6,1
DA:10,0
DA:13,1
LF:4
LH:3
BRDA:10,0,0,0
BRDA:10,0,1,0
BRF:2
BRH:0
end_of_record
TN:
SF:mafs/mafs.js
FN:1,add
FN:5,subtract
FN:9,multiply
FNF:3
FNH:3
FNDA:1,add
FNDA:1,subtract
FNDA:1,multiply
DA:2,1
DA:6,1
DA:10,1
DA:21,1
LF:4
LH:4
BRF:0
BRH:0
end_of_record
TN:
SF:temples/temples.js
FN:1,returnTemple
FN:5,sayGoodbye
FNF:2
FNH:1
FNDA:1,returnTemple
FNDA:0,sayGoodbye
DA:2,1
DA:6,0
DA:9,1
LF:3
LH:2
BRF:0
BRH:0
end_of_record
TN:
SF:words/words.js
FN:1,returnPlus3
FN:5,reverse
FN:9,hello
FNF:3
FNH:2
FNDA:1,returnPlus3
FNDA:1,reverse
FNDA:0,hello
DA:2,1
DA:6,1
DA:10,0
DA:13,1
LF:4
LH:3
BRDA:10,0,0,0
BRDA:10,0,1,0
BRF:2
BRH:0
end_of_record
